2018-02-04 22:06:53,739 - start - INFO - crawler ended in 25.245121717453003
2018-02-04 22:07:28,569 - start - INFO - crawler ended in 0.9856212139129639
2018-02-06 13:41:06,734 - start - INFO - crawler ended in 2.1538660526275635
2018-02-06 13:41:40,789 - start - INFO - crawler ended in 22.24832558631897
2018-02-06 13:43:12,541 - start - INFO - crawler ended in 26.934642791748047
2018-02-06 13:44:05,535 - email - INFO - email send - http://www.sbazar.cz/nakastance/detail/26629253-retro-starozitne-zrcadlo
2018-02-06 13:44:10,367 - email - INFO - email send - http://www.sbazar.cz/sbirkaporcelanu/detail/27229800-chromovany-odkladaci-stolek
2018-02-06 13:44:17,873 - email - INFO - email send - http://www.sbazar.cz/mariban/detail/23495935-bytelny-retro-dreveny-stul-masiv100-stav
2018-02-06 13:44:21,699 - email - INFO - email send - http://www.sbazar.cz/pozustalost.vdf/detail/27814966-starozitne-detske-kresilko
2018-02-06 13:44:23,945 - email - INFO - email send - http://www.sbazar.cz/pozustalost.vdf/detail/27814928-stare-retro-zidle-60-leta
2018-02-06 13:44:28,049 - email - INFO - email send - http://www.sbazar.cz/mon.schoberlova/detail/26107814-retro-drevena-stolicka
2018-02-06 13:44:29,834 - email - INFO - email send - http://www.sbazar.cz/prenosilova111/detail/27219737-stolek-pavouk-halabala-50-leta
2018-02-06 13:44:32,780 - email - INFO - email send - http://www.sbazar.cz/Kazner/detail/27813286-retro-houpaci-kreslo
2018-02-06 13:44:36,906 - email - INFO - email send - https://nabytek.bazos.cz/inzerat/85299881/Houpaci-kreslo.php
2018-02-06 13:44:38,390 - email - INFO - email send - https://nabytek.bazos.cz/inzerat/85031501/Prodam-stara-Kresla.php
2018-02-06 13:51:02,797 - email - INFO - email send - http://www.sbazar.cz/nakastance/detail/26629253-retro-starozitne-zrcadlo
2018-02-06 13:51:08,225 - email - INFO - email send - http://www.sbazar.cz/sbirkaporcelanu/detail/27229800-chromovany-odkladaci-stolek
2018-02-06 13:51:17,988 - email - INFO - email send - http://www.sbazar.cz/mariban/detail/23495935-bytelny-retro-dreveny-stul-masiv100-stav
2018-02-06 13:51:21,592 - email - INFO - email send - http://www.sbazar.cz/pozustalost.vdf/detail/27814966-starozitne-detske-kresilko
2018-02-06 13:51:23,511 - email - INFO - email send - http://www.sbazar.cz/pozustalost.vdf/detail/27814928-stare-retro-zidle-60-leta
2018-02-06 13:51:27,971 - email - INFO - email send - http://www.sbazar.cz/mon.schoberlova/detail/26107814-retro-drevena-stolicka
2018-02-06 13:51:29,914 - email - INFO - email send - http://www.sbazar.cz/prenosilova111/detail/27219737-stolek-pavouk-halabala-50-leta
2018-02-06 13:51:32,618 - email - INFO - email send - http://www.sbazar.cz/Kazner/detail/27813286-retro-houpaci-kreslo
2018-02-06 13:51:35,147 - email - INFO - email send - https://nabytek.bazos.cz/inzerat/85299881/Houpaci-kreslo.php
2018-02-06 13:51:37,230 - email - INFO - email send - https://nabytek.bazos.cz/inzerat/85031501/Prodam-stara-Kresla.php
2018-02-06 13:57:32,620 - email - INFO - email send - http://www.sbazar.cz/nakastance/detail/26629253-retro-starozitne-zrcadlo
2018-02-06 13:57:37,701 - email - INFO - email send - http://www.sbazar.cz/sbirkaporcelanu/detail/27229800-chromovany-odkladaci-stolek
2018-02-06 13:57:46,218 - email - INFO - email send - http://www.sbazar.cz/mariban/detail/23495935-bytelny-retro-dreveny-stul-masiv100-stav
2018-02-06 13:57:49,870 - email - INFO - email send - http://www.sbazar.cz/pozustalost.vdf/detail/27814966-starozitne-detske-kresilko
2018-02-06 13:57:52,266 - email - INFO - email send - http://www.sbazar.cz/pozustalost.vdf/detail/27814928-stare-retro-zidle-60-leta
2018-02-06 13:57:55,974 - email - INFO - email send - http://www.sbazar.cz/mon.schoberlova/detail/26107814-retro-drevena-stolicka
2018-02-06 13:57:59,146 - email - INFO - email send - http://www.sbazar.cz/prenosilova111/detail/27219737-stolek-pavouk-halabala-50-leta
2018-02-06 13:58:01,812 - email - INFO - email send - http://www.sbazar.cz/Kazner/detail/27813286-retro-houpaci-kreslo
2018-02-06 13:58:04,268 - email - INFO - email send - https://nabytek.bazos.cz/inzerat/85031501/Prodam-stara-Kresla.php
2018-02-06 13:58:06,197 - email - INFO - email send - https://nabytek.bazos.cz/inzerat/85299881/Houpaci-kreslo.php
2018-02-06 14:05:04,247 - email - INFO - email send - https://nabytek.bazos.cz/inzerat/85031501/Prodam-stara-Kresla.php
2018-02-06 14:05:05,603 - email - INFO - email send - https://nabytek.bazos.cz/inzerat/85299881/Houpaci-kreslo.php
2018-02-06 14:07:05,025 - email - INFO - email send - https://nabytek.bazos.cz/inzerat/85299881/Houpaci-kreslo.php
2018-02-06 14:07:07,026 - email - INFO - email send - https://nabytek.bazos.cz/inzerat/85031501/Prodam-stara-Kresla.php
2018-02-22 13:42:16,781 - start - INFO - crawler ended in 104.25113153457642
2018-02-22 13:42:33,848 - start - INFO - crawler ended in 6.759353160858154
2018-02-22 13:48:52,611 ; start ; INFO ; crawler ended in 9.50487732887268
2018-02-22 13:49:03,145 ; start ; INFO ; crawler ended in 4.119182825088501
2018-02-22 13:52:45,459 ; start ; INFO ; crawler ended in 107.04854798316956
2018-02-22 13:53:01,195 ; start ; INFO ; crawler ended in 4.591466188430786
2018-02-22 13:53:25,638 ; start ; INFO ; crawler ended in 4.916369676589966
2018-02-22 13:53:36,258 ; start ; INFO ; crawler ended in 4.288659572601318
2018-02-22 14:57:16,453 ; start ; INFO ; crawler ended in 27.58592414855957
